<?xml version="1.0" encoding="UTF-8"?>
<testsuite xmlns:xsi="http://www.w3.org/2001/XMLSchema-instance" xsi:noNamespaceSchemaLocation="https://maven.apache.org/surefire/maven-surefire-plugin/xsd/surefire-test-report-3.0.xsd" version="3.0" name="org.tfoc.SolutionTest" time="0.112" tests="1" errors="0" skipped="0" failures="0">
  <properties>
[...]
</properties>
  <testcase name="testCustomer" classname="org.tfoc.SolutionTest" time="0.01">
    <system-out><![CDATA[
 ████████╗██╗  ██╗███████╗    ███████╗███████╗██╗     ██╗      ██████╗ ██╗    ██╗███████╗██╗  ██╗██╗██████╗      ██████╗ ███████╗     ██████╗ ██████╗ ██████╗ ███████╗
 ╚══██╔══╝██║  ██║██╔════╝    ██╔════╝██╔════╝██║     ██║     ██╔═══██╗██║    ██║██╔════╝██║  ██║██║██╔══██╗    ██╔═══██╗██╔════╝    ██╔════╝██╔═══██╗██╔══██╗██╔════╝
    ██║   ███████║█████╗      █████╗  █████╗  ██║     ██║     ██║   ██║██║ █╗ ██║███████╗███████║██║██████╔╝    ██║   ██║█████╗      ██║     ██║   ██║██║  ██║█████╗
    ██║   ██╔══██║██╔══╝      ██╔══╝  ██╔══╝  ██║     ██║     ██║   ██║██║███╗██║╚════██║██╔══██║██║██╔═══╝     ██║   ██║██╔══╝      ██║     ██║   ██║██║  ██║██╔══╝
    ██║   ██║  ██║███████╗    ██║     ███████╗███████╗███████╗╚██████╔╝╚███╔███╔╝███████║██║  ██║██║██║         ╚██████╔╝██║         ╚██████╗╚██████╔╝██████╔╝███████╗
    ╚═╝   ╚═╝  ╚═╝╚══════╝    ╚═╝     ╚══════╝╚══════╝╚══════╝ ╚═════╝  ╚══╝╚══╝ ╚══════╝╚═╝  ╚═╝╚═╝╚═╝          ╚═════╝ ╚═╝          ╚═════╝ ╚═════╝ ╚═════╝ ╚══════╝

 The Mirror of Galadriel: Episode #001 - Two Sum

 Congratulations on running your first test!


15:50:52.396 [main] INFO  org.tfoc.SolutionTest - Don't forget to write the tests to make sure it works. Enjoy!
]]></system-out>
  </testcase>
</testsuite>